# JRE version: Java(TM) SE Runtime Environment (8.0_91-b15) (build 1.8.0_91-b15)
# Java VM: Java HotSpot(TM) 64-Bit Server VM (25.91-b15 mixed mode windows-amd64 compressed oops)
Heap:
 PSYoungGen      total 274432K, used 137072K [0x00000000eab00000, 0x0000000100000000, 0x0000000100000000)
  eden space 206848K, 44% used [0x00000000eab00000,0x00000000f0428258,0x00000000f7500000)
  from space 67584K, 67% used [0x00000000fbe00000,0x00000000feab3f38,0x0000000100000000)
  to   space 71168K, 0% used [0x00000000f7500000,0x00000000f7500000,0x00000000fba80000)
 ParOldGen       total 226816K, used 125444K [0x00000000c0000000, 0x00000000cdd80000, 0x00000000eab00000)
  object space 226816K, 55% used [0x00000000c0000000,0x00000000c7a81278,0x00000000cdd80000)
 Metaspace       used 35473K, capacity 36066K, committed 36272K, reserved 1081344K
  class space    used 4513K, capacity 4725K, committed 4784K, reserved 1048576K
GC Heap History (10 events):
Event: 10.835 GC heap before
{Heap before GC invocations=10 (full 1):
 PSYoungGen      total 230912K, used 230897K [0x00000000eab00000, 0x00000000fd400000, 0x0000000100000000)
  eden space 208896K, 100% used [0x00000000eab00000,0x00000000f7700000,0x00000000f7700000)
  from space 22016K, 99% used [0x00000000fbe80000,0x00000000fd3fc648,0x00000000fd400000)
  to   space 35840K, 0% used [0x00000000f8e00000,0x00000000f8e00000,0x00000000fb100000)
 ParOldGen       total 90624K, used 60254K [0x00000000c0000000, 0x00000000c5880000, 0x00000000eab00000)
  object space 90624K, 66% used [0x00000000c0000000,0x00000000c3ad7bf0,0x00000000c5880000)
 Metaspace       used 27354K, capacity 27680K, committed 27824K, reserved 1073152K
  class space    used 3699K, capacity 3757K, committed 3760K, reserved 1048576K
Event: 10.871 GC heap after
Heap after GC invocations=10 (full 1):
 PSYoungGen      total 268288K, used 35825K [0x00000000eab00000, 0x0000000100000000, 0x0000000100000000)
  eden space 232448K, 0% used [0x00000000eab00000,0x00000000eab00000,0x00000000f8e00000)
  from space 35840K, 99% used [0x00000000f8e00000,0x00000000fb0fc628,0x00000000fb100000)
  to   space 66560K, 0% used [0x00000000fbf00000,0x00000000fbf00000,0x0000000100000000)
 ParOldGen       total 120832K, used 120238K [0x00000000c0000000, 0x00000000c7600000, 0x00000000eab00000)
  object space 120832K, 99% used [0x00000000c0000000,0x00000000c756bbd0,0x00000000c7600000)
 Metaspace       used 27354K, capacity 27680K, committed 27824K, reserved 1073152K
  class space    used 3699K, capacity 3757K, committed 3760K, reserved 1048576K
}
Event: 10.871 GC heap before
{Heap before GC invocations=11 (full 2):
 PSYoungGen      total 268288K, used 35825K [0x00000000eab00000, 0x0000000100000000, 0x0000000100000000)
  eden space 232448K, 0% used [0x00000000eab00000,0x00000000eab00000,0x00000000f8e00000)
  from space 35840K, 99% used [0x00000000f8e00000,0x00000000fb0fc628,0x00000000fb100000)
  to   space 66560K, 0% used [0x00000000fbf00000,0x00000000fbf00000,0x0000000100000000)
 ParOldGen       total 120832K, used 120238K [0x00000000c0000000, 0x00000000c7600000, 0x00000000eab00000)
  object space 120832K, 99% used [0x00000000c0000000,0x00000000c756bbd0,0x00000000c7600000)
 Metaspace       used 27354K, capacity 27680K, committed 27824K, reserved 1073152K
  class space    used 3699K, capacity 3757K, committed 3760K, reserved 1048576K
Event: 11.106 GC heap after
Heap after GC invocations=11 (full 2):
 PSYoungGen      total 268288K, used 15907K [0x00000000eab00000, 0x0000000100000000, 0x0000000100000000)
  eden space 232448K, 0% used [0x00000000eab00000,0x00000000eab00000,0x00000000f8e00000)
  from space 35840K, 44% used [0x00000000f8e00000,0x00000000f9d88ca8,0x00000000fb100000)
  to   space 66560K, 0% used [0x00000000fbf00000,0x00000000fbf00000,0x0000000100000000)
 ParOldGen       total 226816K, used 120804K [0x00000000c0000000, 0x00000000cdd80000, 0x00000000eab00000)
  object space 226816K, 53% used [0x00000000c0000000,0x00000000c75f9240,0x00000000cdd80000)
 Metaspace       used 27354K, capacity 27680K, committed 27824K, reserved 1073152K
  class space    used 3699K, capacity 3757K, committed 3760K, reserved 1048576K
}
Event: 22.256 GC heap before
{Heap before GC invocations=12 (full 2):
 PSYoungGen      total 268288K, used 248355K [0x00000000eab00000, 0x0000000100000000, 0x0000000100000000)
  eden space 232448K, 100% used [0x00000000eab00000,0x00000000f8e00000,0x00000000f8e00000)
  from space 35840K, 44% used [0x00000000f8e00000,0x00000000f9d88ca8,0x00000000fb100000)
  to   space 66560K, 0% used [0x00000000fbf00000,0x00000000fbf00000,0x0000000100000000)
 ParOldGen       total 226816K, used 120804K [0x00000000c0000000, 0x00000000cdd80000, 0x00000000eab00000)
  object space 226816K, 53% used [0x00000000c0000000,0x00000000c75f9240,0x00000000cdd80000)
 Metaspace       used 30067K, capacity 30558K, committed 30768K, reserved 1075200K
  class space    used 3950K, capacity 4097K, committed 4144K, reserved 1048576K
Event: 22.283 GC heap after
Heap after GC invocations=12 (full 2):
 PSYoungGen      total 285184K, used 13401K [0x00000000eab00000, 0x0000000100000000, 0x0000000100000000)
  eden space 218624K, 0% used [0x00000000eab00000,0x00000000eab00000,0x00000000f8080000)
  from space 66560K, 20% used [0x00000000fbf00000,0x00000000fcc16648,0x0000000100000000)
  to   space 64000K, 0% used [0x00000000f8080000,0x00000000f8080000,0x00000000fbf00000)
 ParOldGen       total 226816K, used 125334K [0x00000000c0000000, 0x00000000cdd80000, 0x00000000eab00000)
  object space 226816K, 55% used [0x00000000c0000000,0x00000000c7a65870,0x00000000cdd80000)
 Metaspace       used 30067K, capacity 30558K, committed 30768K, reserved 1075200K
  class space    used 3950K, capacity 4097K, committed 4144K, reserved 1048576K
}
Event: 55.103 GC heap before
{Heap before GC invocations=13 (full 2):
 PSYoungGen      total 285184K, used 232025K [0x00000000eab00000, 0x0000000100000000, 0x0000000100000000)
  eden space 218624K, 100% used [0x00000000eab00000,0x00000000f8080000,0x00000000f8080000)
  from space 66560K, 20% used [0x00000000fbf00000,0x00000000fcc16648,0x0000000100000000)
  to   space 64000K, 0% used [0x00000000f8080000,0x00000000f8080000,0x00000000fbf00000)
 ParOldGen       total 226816K, used 125334K [0x00000000c0000000, 0x00000000cdd80000, 0x00000000eab00000)
  object space 226816K, 55% used [0x00000000c0000000,0x00000000c7a65870,0x00000000cdd80000)
 Metaspace       used 32077K, capacity 32628K, committed 32944K, reserved 1077248K
  class space    used 4206K, capacity 4424K, committed 4528K, reserved 1048576K
Event: 55.154 GC heap after
Heap after GC invocations=13 (full 2):
 PSYoungGen      total 262656K, used 43825K [0x00000000eab00000, 0x0000000100000000, 0x0000000100000000)
  eden space 218624K, 0% used [0x00000000eab00000,0x00000000eab00000,0x00000000f8080000)
  from space 44032K, 99% used [0x00000000f8080000,0x00000000fab4c7f8,0x00000000fab80000)
  to   space 67584K, 0% used [0x00000000fbe00000,0x00000000fbe00000,0x0000000100000000)
 ParOldGen       total 226816K, used 125342K [0x00000000c0000000, 0x00000000cdd80000, 0x00000000eab00000)
  object space 226816K, 55% used [0x00000000c0000000,0x00000000c7a67870,0x00000000cdd80000)
 Metaspace       used 32077K, capacity 32628K, committed 32944K, reserved 1077248K
  class space    used 4206K, capacity 4424K, committed 4528K, reserved 1048576K
}
Event: 61.924 GC heap before
{Heap before GC invocations=14 (full 2):
 PSYoungGen      total 262656K, used 262449K [0x00000000eab00000, 0x0000000100000000, 0x0000000100000000)
  eden space 218624K, 100% used [0x00000000eab00000,0x00000000f8080000,0x00000000f8080000)
  from space 44032K, 99% used [0x00000000f8080000,0x00000000fab4c7f8,0x00000000fab80000)
  to   space 67584K, 0% used [0x00000000fbe00000,0x00000000fbe00000,0x0000000100000000)
 ParOldGen       total 226816K, used 125436K [0x00000000c0000000, 0x00000000cdd80000, 0x00000000eab00000)
  object space 226816K, 55% used [0x00000000c0000000,0x00000000c7a7f278,0x00000000cdd80000)
 Metaspace       used 34648K, capacity 35190K, committed 35376K, reserved 1079296K
  class space    used 4447K, capacity 4627K, committed 4656K, reserved 1048576K
Event: 62.301 GC heap after
Heap after GC invocations=14 (full 2):
 PSYoungGen      total 274432K, used 45775K [0x00000000eab00000, 0x0000000100000000, 0x0000000100000000)
  eden space 206848K, 0% used [0x00000000eab00000,0x00000000eab00000,0x00000000f7500000)
  from space 67584K, 67% used [0x00000000fbe00000,0x00000000feab3f38,0x0000000100000000)
  to   space 71168K, 0% used [0x00000000f7500000,0x00000000f7500000,0x00000000fba80000)
 ParOldGen       total 226816K, used 125444K [0x00000000c0000000, 0x00000000cdd80000, 0x00000000eab00000)
  object space 226816K, 55% used [0x00000000c0000000,0x00000000c7a81278,0x00000000cdd80000)
 Metaspace       used 34648K, capacity 35190K, committed 35376K, reserved 1079296K
  class space    used 4447K, capacity 4627K, committed 4656K, reserved 1048576K
}

